<?xml version="1.0" encoding="UTF-8"?>
<!-- Generated by org.testng.reporters.JUnitXMLReporter -->
<testsuite ignored="0" hostname="DESKTOP-1QASA0A" failures="1" tests="5" name="Guru99 Banks Test Cases" time="106.639" errors="0" timestamp="18 Aug 2020 06:48:12 GMT">
  <testcase classname="com.guru.qa.base.TestBase" name="@AfterTest endReport" time="0.073">
    <failure type="org.openqa.selenium.NoSuchSessionException" message="Session ID is null. Using WebDriver after calling quit()?
Build info: version: &amp;apos;3.14.0&amp;apos;, revision: &amp;apos;aacccce0&amp;apos;, time: &amp;apos;2018-08-02T20:19:58.91Z&amp;apos;
System info: host: &amp;apos;DESKTOP-1QASA0A&amp;apos;, ip: &amp;apos;192.168.1.129&amp;apos;, os.name: &amp;apos;Windows 10&amp;apos;, os.arch: &amp;apos;amd64&amp;apos;, os.version: &amp;apos;10.0&amp;apos;, java.version: &amp;apos;14.0.1&amp;apos;
Driver info: driver.version: EventFiringWebDriver">
      <![CDATA[org.openqa.selenium.NoSuchSessionException: Session ID is null. Using WebDriver after calling quit()?
Build info: version: '3.14.0', revision: 'aacccce0', time: '2018-08-02T20:19:58.91Z'
System info: host: 'DESKTOP-1QASA0A', ip: '192.168.1.129', os.name: 'Windows 10', os.arch: 'amd64', os.version: '10.0', java.version: '14.0.1'
Driver info: driver.version: EventFiringWebDriver
	at org.openqa.selenium.remote.HttpCommandExecutor.execute(HttpCommandExecutor.java:125)
	at org.openqa.selenium.remote.service.DriverCommandExecutor.execute(DriverCommandExecutor.java:83)
	at org.openqa.selenium.remote.RemoteWebDriver.execute(RemoteWebDriver.java:548)
	at org.openqa.selenium.remote.RemoteWebDriver.execute(RemoteWebDriver.java:605)
	at org.openqa.selenium.remote.RemoteWebDriver.close(RemoteWebDriver.java:438)
	at org.openqa.selenium.support.events.EventFiringWebDriver.lambda$new$1(EventFiringWebDriver.java:105)
	at com.sun.proxy.$Proxy13.close(Unknown Source)
	at org.openqa.selenium.support.events.EventFiringWebDriver.close(EventFiringWebDriver.java:206)
	at com.guru.qa.base.TestBase.endReport(TestBase.java:104)
... Removed 27 stack frames]]>
    </failure>
  </testcase> <!-- @AfterTest endReport -->
  <testcase classname="com.guru.qa.testcases.LoginPageTest" name="loginPageTitleTest" time="0.861"/>
  <testcase classname="com.guru.qa.testcases.LoginPageTest" name="loginPageLogoTest" time="1.083"/>
  <testcase classname="com.guru.qa.testcases.LoginPageTest" name="loginPageLabelTest" time="0.983"/>
  <testcase classname="com.guru.qa.testcases.LoginPageTest" name="loginTest" time="9.388"/>
  <testcase classname="com.guru.qa.testcases.LoginPageTest" name="functionality1Test2" time="0.8">
    <failure type="java.lang.AssertionError" message="expected [gupta] but found [vishal]">
      <![CDATA[java.lang.AssertionError: expected [gupta] but found [vishal]
	at com.guru.qa.testcases.LoginPageTest.functionality1Test2(LoginPageTest.java:70)
... Removed 31 stack frames]]>
    </failure>
  </testcase> <!-- functionality1Test2 -->
</testsuite> <!-- Guru99 Banks Test Cases -->
