<?xml version="1.0" encoding="UTF-8"?>
<!-- Generated by org.testng.reporters.JUnitXMLReporter -->
<testsuite ignored="2" hostname="DESKTOP-1QASA0A" failures="0" tests="16" name="Command line test" time="1.05" errors="0" timestamp="2020-08-05T17:37:47 IST">
  <testcase classname="com.guru.qa.testcases.LoginPageTest" name="@BeforeMethod setUp" time="0.309">
    <failure type="java.lang.IllegalStateException" message="The driver executable does not exist: F:\Vishal_Offc Work\Workspace\Guru99BanksTest\Drivers\chromedriver.exe">
      <![CDATA[java.lang.IllegalStateException: The driver executable does not exist: F:\Vishal_Offc Work\Workspace\Guru99BanksTest\Drivers\chromedriver.exe
at com.google.common.base.Preconditions.checkState(Preconditions.java:585)
at org.openqa.selenium.remote.service.DriverService.checkExecutable(DriverService.java:146)
at org.openqa.selenium.remote.service.DriverService.findExecutable(DriverService.java:141)
at org.openqa.selenium.chrome.ChromeDriverService.access$000(ChromeDriverService.java:35)
at org.openqa.selenium.chrome.ChromeDriverService$Builder.findDefaultExecutable(ChromeDriverService.java:159)
at org.openqa.selenium.remote.service.DriverService$Builder.build(DriverService.java:355)
at org.openqa.selenium.chrome.ChromeDriverService.createDefaultService(ChromeDriverService.java:94)
at org.openqa.selenium.chrome.ChromeDriver.<init>(ChromeDriver.java:157)
at com.guru.qa.base.TestBase.initialization(TestBase.java:70)
at com.guru.qa.testcases.LoginPageTest.setUp(LoginPageTest.java:23)
at java.base/java.util.ArrayList.forEach(ArrayList.java:1510)
at com.guru.qa.testcases.TestRunner.main(TestRunner.java:14)
... Removed 28 stack frames]]>
    </failure>
  </testcase> <!-- @BeforeMethod setUp -->
  <testcase classname="com.guru.qa.base.TestBase" name="@AfterMethod tearDown" time="0.001">
    <failure type="java.lang.NullPointerException">
      <![CDATA[java.lang.NullPointerException
at com.guru.qa.base.TestBase.tearDown(TestBase.java:110)
at java.base/java.util.ArrayList.forEach(ArrayList.java:1510)
at com.guru.qa.testcases.TestRunner.main(TestRunner.java:14)
... Removed 29 stack frames]]>
    </failure>
  </testcase> <!-- @AfterMethod tearDown -->
  <testcase classname="com.guru.qa.testcases.LoginPageTest" name="@BeforeMethod setUp" time="0.011">
    <failure type="java.lang.IllegalStateException" message="The driver executable does not exist: F:\Vishal_Offc Work\Workspace\Guru99BanksTest\Drivers\chromedriver.exe">
      <![CDATA[java.lang.IllegalStateException: The driver executable does not exist: F:\Vishal_Offc Work\Workspace\Guru99BanksTest\Drivers\chromedriver.exe
at com.google.common.base.Preconditions.checkState(Preconditions.java:585)
at org.openqa.selenium.remote.service.DriverService.checkExecutable(DriverService.java:146)
at org.openqa.selenium.remote.service.DriverService.findExecutable(DriverService.java:141)
at org.openqa.selenium.chrome.ChromeDriverService.access$000(ChromeDriverService.java:35)
at org.openqa.selenium.chrome.ChromeDriverService$Builder.findDefaultExecutable(ChromeDriverService.java:159)
at org.openqa.selenium.remote.service.DriverService$Builder.build(DriverService.java:355)
at org.openqa.selenium.chrome.ChromeDriverService.createDefaultService(ChromeDriverService.java:94)
at org.openqa.selenium.chrome.ChromeDriver.<init>(ChromeDriver.java:157)
at com.guru.qa.base.TestBase.initialization(TestBase.java:70)
at com.guru.qa.testcases.LoginPageTest.setUp(LoginPageTest.java:23)
at java.base/java.util.ArrayList.forEach(ArrayList.java:1510)
at com.guru.qa.testcases.TestRunner.main(TestRunner.java:14)
... Removed 28 stack frames]]>
    </failure>
  </testcase> <!-- @BeforeMethod setUp -->
  <testcase classname="com.guru.qa.base.TestBase" name="@AfterMethod tearDown" time="0.001">
    <failure type="java.lang.NullPointerException">
      <![CDATA[java.lang.NullPointerException
at com.guru.qa.base.TestBase.tearDown(TestBase.java:110)
at java.base/java.util.ArrayList.forEach(ArrayList.java:1510)
at com.guru.qa.testcases.TestRunner.main(TestRunner.java:14)
... Removed 29 stack frames]]>
    </failure>
  </testcase> <!-- @AfterMethod tearDown -->
  <testcase classname="com.guru.qa.testcases.LoginPageTest" name="@BeforeMethod setUp" time="0.012">
    <failure type="java.lang.IllegalStateException" message="The driver executable does not exist: F:\Vishal_Offc Work\Workspace\Guru99BanksTest\Drivers\chromedriver.exe">
      <![CDATA[java.lang.IllegalStateException: The driver executable does not exist: F:\Vishal_Offc Work\Workspace\Guru99BanksTest\Drivers\chromedriver.exe
at com.google.common.base.Preconditions.checkState(Preconditions.java:585)
at org.openqa.selenium.remote.service.DriverService.checkExecutable(DriverService.java:146)
at org.openqa.selenium.remote.service.DriverService.findExecutable(DriverService.java:141)
at org.openqa.selenium.chrome.ChromeDriverService.access$000(ChromeDriverService.java:35)
at org.openqa.selenium.chrome.ChromeDriverService$Builder.findDefaultExecutable(ChromeDriverService.java:159)
at org.openqa.selenium.remote.service.DriverService$Builder.build(DriverService.java:355)
at org.openqa.selenium.chrome.ChromeDriverService.createDefaultService(ChromeDriverService.java:94)
at org.openqa.selenium.chrome.ChromeDriver.<init>(ChromeDriver.java:157)
at com.guru.qa.base.TestBase.initialization(TestBase.java:70)
at com.guru.qa.testcases.LoginPageTest.setUp(LoginPageTest.java:23)
at java.base/java.util.ArrayList.forEach(ArrayList.java:1510)
at com.guru.qa.testcases.TestRunner.main(TestRunner.java:14)
... Removed 28 stack frames]]>
    </failure>
  </testcase> <!-- @BeforeMethod setUp -->
  <testcase classname="com.guru.qa.base.TestBase" name="@AfterMethod tearDown" time="0.001">
    <failure type="java.lang.NullPointerException">
      <![CDATA[java.lang.NullPointerException
at com.guru.qa.base.TestBase.tearDown(TestBase.java:110)
at java.base/java.util.ArrayList.forEach(ArrayList.java:1510)
at com.guru.qa.testcases.TestRunner.main(TestRunner.java:14)
... Removed 29 stack frames]]>
    </failure>
  </testcase> <!-- @AfterMethod tearDown -->
  <testcase classname="com.guru.qa.testcases.LoginPageTest" name="@BeforeMethod setUp" time="0.017">
    <failure type="java.lang.IllegalStateException" message="The driver executable does not exist: F:\Vishal_Offc Work\Workspace\Guru99BanksTest\Drivers\chromedriver.exe">
      <![CDATA[java.lang.IllegalStateException: The driver executable does not exist: F:\Vishal_Offc Work\Workspace\Guru99BanksTest\Drivers\chromedriver.exe
at com.google.common.base.Preconditions.checkState(Preconditions.java:585)
at org.openqa.selenium.remote.service.DriverService.checkExecutable(DriverService.java:146)
at org.openqa.selenium.remote.service.DriverService.findExecutable(DriverService.java:141)
at org.openqa.selenium.chrome.ChromeDriverService.access$000(ChromeDriverService.java:35)
at org.openqa.selenium.chrome.ChromeDriverService$Builder.findDefaultExecutable(ChromeDriverService.java:159)
at org.openqa.selenium.remote.service.DriverService$Builder.build(DriverService.java:355)
at org.openqa.selenium.chrome.ChromeDriverService.createDefaultService(ChromeDriverService.java:94)
at org.openqa.selenium.chrome.ChromeDriver.<init>(ChromeDriver.java:157)
at com.guru.qa.base.TestBase.initialization(TestBase.java:70)
at com.guru.qa.testcases.LoginPageTest.setUp(LoginPageTest.java:23)
at java.base/java.util.ArrayList.forEach(ArrayList.java:1510)
at com.guru.qa.testcases.TestRunner.main(TestRunner.java:14)
... Removed 28 stack frames]]>
    </failure>
  </testcase> <!-- @BeforeMethod setUp -->
  <testcase classname="com.guru.qa.base.TestBase" name="@AfterMethod tearDown" time="0.001">
    <failure type="java.lang.NullPointerException">
      <![CDATA[java.lang.NullPointerException
at com.guru.qa.base.TestBase.tearDown(TestBase.java:110)
at java.base/java.util.ArrayList.forEach(ArrayList.java:1510)
at com.guru.qa.testcases.TestRunner.main(TestRunner.java:14)
... Removed 29 stack frames]]>
    </failure>
  </testcase> <!-- @AfterMethod tearDown -->
  <testcase classname="com.guru.qa.testcases.HomePageTest" name="@BeforeMethod setUp" time="0.012">
    <failure type="java.lang.IllegalStateException" message="The driver executable does not exist: F:\Vishal_Offc Work\Workspace\Guru99BanksTest\Drivers\chromedriver.exe">
      <![CDATA[java.lang.IllegalStateException: The driver executable does not exist: F:\Vishal_Offc Work\Workspace\Guru99BanksTest\Drivers\chromedriver.exe
at com.google.common.base.Preconditions.checkState(Preconditions.java:585)
at org.openqa.selenium.remote.service.DriverService.checkExecutable(DriverService.java:146)
at org.openqa.selenium.remote.service.DriverService.findExecutable(DriverService.java:141)
at org.openqa.selenium.chrome.ChromeDriverService.access$000(ChromeDriverService.java:35)
at org.openqa.selenium.chrome.ChromeDriverService$Builder.findDefaultExecutable(ChromeDriverService.java:159)
at org.openqa.selenium.remote.service.DriverService$Builder.build(DriverService.java:355)
at org.openqa.selenium.chrome.ChromeDriverService.createDefaultService(ChromeDriverService.java:94)
at org.openqa.selenium.chrome.ChromeDriver.<init>(ChromeDriver.java:157)
at com.guru.qa.base.TestBase.initialization(TestBase.java:70)
at com.guru.qa.testcases.HomePageTest.setUp(HomePageTest.java:32)
at java.base/java.util.ArrayList.forEach(ArrayList.java:1510)
at com.guru.qa.testcases.TestRunner.main(TestRunner.java:14)
... Removed 28 stack frames]]>
    </failure>
  </testcase> <!-- @BeforeMethod setUp -->
  <testcase classname="com.guru.qa.base.TestBase" name="@AfterMethod tearDown" time="0.001">
    <failure type="java.lang.NullPointerException">
      <![CDATA[java.lang.NullPointerException
at com.guru.qa.base.TestBase.tearDown(TestBase.java:110)
at java.base/java.util.ArrayList.forEach(ArrayList.java:1510)
at com.guru.qa.testcases.TestRunner.main(TestRunner.java:14)
... Removed 29 stack frames]]>
    </failure>
  </testcase> <!-- @AfterMethod tearDown -->
  <testcase classname="com.guru.qa.testcases.HomePageTest" name="@BeforeMethod setUp" time="0.014">
    <failure type="java.lang.IllegalStateException" message="The driver executable does not exist: F:\Vishal_Offc Work\Workspace\Guru99BanksTest\Drivers\chromedriver.exe">
      <![CDATA[java.lang.IllegalStateException: The driver executable does not exist: F:\Vishal_Offc Work\Workspace\Guru99BanksTest\Drivers\chromedriver.exe
at com.google.common.base.Preconditions.checkState(Preconditions.java:585)
at org.openqa.selenium.remote.service.DriverService.checkExecutable(DriverService.java:146)
at org.openqa.selenium.remote.service.DriverService.findExecutable(DriverService.java:141)
at org.openqa.selenium.chrome.ChromeDriverService.access$000(ChromeDriverService.java:35)
at org.openqa.selenium.chrome.ChromeDriverService$Builder.findDefaultExecutable(ChromeDriverService.java:159)
at org.openqa.selenium.remote.service.DriverService$Builder.build(DriverService.java:355)
at org.openqa.selenium.chrome.ChromeDriverService.createDefaultService(ChromeDriverService.java:94)
at org.openqa.selenium.chrome.ChromeDriver.<init>(ChromeDriver.java:157)
at com.guru.qa.base.TestBase.initialization(TestBase.java:70)
at com.guru.qa.testcases.HomePageTest.setUp(HomePageTest.java:32)
at java.base/java.util.ArrayList.forEach(ArrayList.java:1510)
at com.guru.qa.testcases.TestRunner.main(TestRunner.java:14)
... Removed 28 stack frames]]>
    </failure>
  </testcase> <!-- @BeforeMethod setUp -->
  <testcase classname="com.guru.qa.base.TestBase" name="@AfterMethod tearDown" time="0.001">
    <failure type="java.lang.NullPointerException">
      <![CDATA[java.lang.NullPointerException
at com.guru.qa.base.TestBase.tearDown(TestBase.java:110)
at java.base/java.util.ArrayList.forEach(ArrayList.java:1510)
at com.guru.qa.testcases.TestRunner.main(TestRunner.java:14)
... Removed 29 stack frames]]>
    </failure>
  </testcase> <!-- @AfterMethod tearDown -->
  <testcase classname="com.guru.qa.testcases.HomePageTest" name="@BeforeMethod setUp" time="0.013">
    <failure type="java.lang.IllegalStateException" message="The driver executable does not exist: F:\Vishal_Offc Work\Workspace\Guru99BanksTest\Drivers\chromedriver.exe">
      <![CDATA[java.lang.IllegalStateException: The driver executable does not exist: F:\Vishal_Offc Work\Workspace\Guru99BanksTest\Drivers\chromedriver.exe
at com.google.common.base.Preconditions.checkState(Preconditions.java:585)
at org.openqa.selenium.remote.service.DriverService.checkExecutable(DriverService.java:146)
at org.openqa.selenium.remote.service.DriverService.findExecutable(DriverService.java:141)
at org.openqa.selenium.chrome.ChromeDriverService.access$000(ChromeDriverService.java:35)
at org.openqa.selenium.chrome.ChromeDriverService$Builder.findDefaultExecutable(ChromeDriverService.java:159)
at org.openqa.selenium.remote.service.DriverService$Builder.build(DriverService.java:355)
at org.openqa.selenium.chrome.ChromeDriverService.createDefaultService(ChromeDriverService.java:94)
at org.openqa.selenium.chrome.ChromeDriver.<init>(ChromeDriver.java:157)
at com.guru.qa.base.TestBase.initialization(TestBase.java:70)
at com.guru.qa.testcases.HomePageTest.setUp(HomePageTest.java:32)
at java.base/java.util.ArrayList.forEach(ArrayList.java:1510)
at com.guru.qa.testcases.TestRunner.main(TestRunner.java:14)
... Removed 28 stack frames]]>
    </failure>
  </testcase> <!-- @BeforeMethod setUp -->
  <testcase classname="com.guru.qa.base.TestBase" name="@AfterMethod tearDown" time="0.001">
    <failure type="java.lang.NullPointerException">
      <![CDATA[java.lang.NullPointerException
at com.guru.qa.base.TestBase.tearDown(TestBase.java:110)
at java.base/java.util.ArrayList.forEach(ArrayList.java:1510)
at com.guru.qa.testcases.TestRunner.main(TestRunner.java:14)
... Removed 29 stack frames]]>
    </failure>
  </testcase> <!-- @AfterMethod tearDown -->
  <testcase classname="com.guru.qa.testcases.HomePageTest" name="@BeforeMethod setUp" time="0.013">
    <failure type="java.lang.IllegalStateException" message="The driver executable does not exist: F:\Vishal_Offc Work\Workspace\Guru99BanksTest\Drivers\chromedriver.exe">
      <![CDATA[java.lang.IllegalStateException: The driver executable does not exist: F:\Vishal_Offc Work\Workspace\Guru99BanksTest\Drivers\chromedriver.exe
at com.google.common.base.Preconditions.checkState(Preconditions.java:585)
at org.openqa.selenium.remote.service.DriverService.checkExecutable(DriverService.java:146)
at org.openqa.selenium.remote.service.DriverService.findExecutable(DriverService.java:141)
at org.openqa.selenium.chrome.ChromeDriverService.access$000(ChromeDriverService.java:35)
at org.openqa.selenium.chrome.ChromeDriverService$Builder.findDefaultExecutable(ChromeDriverService.java:159)
at org.openqa.selenium.remote.service.DriverService$Builder.build(DriverService.java:355)
at org.openqa.selenium.chrome.ChromeDriverService.createDefaultService(ChromeDriverService.java:94)
at org.openqa.selenium.chrome.ChromeDriver.<init>(ChromeDriver.java:157)
at com.guru.qa.base.TestBase.initialization(TestBase.java:70)
at com.guru.qa.testcases.HomePageTest.setUp(HomePageTest.java:32)
at java.base/java.util.ArrayList.forEach(ArrayList.java:1510)
at com.guru.qa.testcases.TestRunner.main(TestRunner.java:14)
... Removed 28 stack frames]]>
    </failure>
  </testcase> <!-- @BeforeMethod setUp -->
  <testcase classname="com.guru.qa.base.TestBase" name="@AfterMethod tearDown" time="0.002">
    <failure type="java.lang.NullPointerException">
      <![CDATA[java.lang.NullPointerException
at com.guru.qa.base.TestBase.tearDown(TestBase.java:110)
at java.base/java.util.ArrayList.forEach(ArrayList.java:1510)
at com.guru.qa.testcases.TestRunner.main(TestRunner.java:14)
... Removed 29 stack frames]]>
    </failure>
  </testcase> <!-- @AfterMethod tearDown -->
  <testcase classname="com.guru.qa.testcases.HomePageTest" name="@BeforeMethod setUp" time="0.012">
    <failure type="java.lang.IllegalStateException" message="The driver executable does not exist: F:\Vishal_Offc Work\Workspace\Guru99BanksTest\Drivers\chromedriver.exe">
      <![CDATA[java.lang.IllegalStateException: The driver executable does not exist: F:\Vishal_Offc Work\Workspace\Guru99BanksTest\Drivers\chromedriver.exe
at com.google.common.base.Preconditions.checkState(Preconditions.java:585)
at org.openqa.selenium.remote.service.DriverService.checkExecutable(DriverService.java:146)
at org.openqa.selenium.remote.service.DriverService.findExecutable(DriverService.java:141)
at org.openqa.selenium.chrome.ChromeDriverService.access$000(ChromeDriverService.java:35)
at org.openqa.selenium.chrome.ChromeDriverService$Builder.findDefaultExecutable(ChromeDriverService.java:159)
at org.openqa.selenium.remote.service.DriverService$Builder.build(DriverService.java:355)
at org.openqa.selenium.chrome.ChromeDriverService.createDefaultService(ChromeDriverService.java:94)
at org.openqa.selenium.chrome.ChromeDriver.<init>(ChromeDriver.java:157)
at com.guru.qa.base.TestBase.initialization(TestBase.java:70)
at com.guru.qa.testcases.HomePageTest.setUp(HomePageTest.java:32)
at java.base/java.util.ArrayList.forEach(ArrayList.java:1510)
at com.guru.qa.testcases.TestRunner.main(TestRunner.java:14)
... Removed 28 stack frames]]>
    </failure>
  </testcase> <!-- @BeforeMethod setUp -->
  <testcase classname="com.guru.qa.base.TestBase" name="@AfterMethod tearDown" time="0.001">
    <failure type="java.lang.NullPointerException">
      <![CDATA[java.lang.NullPointerException
at com.guru.qa.base.TestBase.tearDown(TestBase.java:110)
at java.base/java.util.ArrayList.forEach(ArrayList.java:1510)
at com.guru.qa.testcases.TestRunner.main(TestRunner.java:14)
... Removed 29 stack frames]]>
    </failure>
  </testcase> <!-- @AfterMethod tearDown -->
  <testcase classname="com.guru.qa.testcases.HomePageTest" name="@BeforeMethod setUp" time="0.012">
    <failure type="java.lang.IllegalStateException" message="The driver executable does not exist: F:\Vishal_Offc Work\Workspace\Guru99BanksTest\Drivers\chromedriver.exe">
      <![CDATA[java.lang.IllegalStateException: The driver executable does not exist: F:\Vishal_Offc Work\Workspace\Guru99BanksTest\Drivers\chromedriver.exe
at com.google.common.base.Preconditions.checkState(Preconditions.java:585)
at org.openqa.selenium.remote.service.DriverService.checkExecutable(DriverService.java:146)
at org.openqa.selenium.remote.service.DriverService.findExecutable(DriverService.java:141)
at org.openqa.selenium.chrome.ChromeDriverService.access$000(ChromeDriverService.java:35)
at org.openqa.selenium.chrome.ChromeDriverService$Builder.findDefaultExecutable(ChromeDriverService.java:159)
at org.openqa.selenium.remote.service.DriverService$Builder.build(DriverService.java:355)
at org.openqa.selenium.chrome.ChromeDriverService.createDefaultService(ChromeDriverService.java:94)
at org.openqa.selenium.chrome.ChromeDriver.<init>(ChromeDriver.java:157)
at com.guru.qa.base.TestBase.initialization(TestBase.java:70)
at com.guru.qa.testcases.HomePageTest.setUp(HomePageTest.java:32)
at java.base/java.util.ArrayList.forEach(ArrayList.java:1510)
at com.guru.qa.testcases.TestRunner.main(TestRunner.java:14)
... Removed 28 stack frames]]>
    </failure>
  </testcase> <!-- @BeforeMethod setUp -->
  <testcase classname="com.guru.qa.base.TestBase" name="@AfterMethod tearDown" time="0.002">
    <failure type="java.lang.NullPointerException">
      <![CDATA[java.lang.NullPointerException
at com.guru.qa.base.TestBase.tearDown(TestBase.java:110)
at java.base/java.util.ArrayList.forEach(ArrayList.java:1510)
at com.guru.qa.testcases.TestRunner.main(TestRunner.java:14)
... Removed 29 stack frames]]>
    </failure>
  </testcase> <!-- @AfterMethod tearDown -->
  <testcase classname="com.guru.qa.testcases.HomePageTest" name="@BeforeMethod setUp" time="0.014">
    <failure type="java.lang.IllegalStateException" message="The driver executable does not exist: F:\Vishal_Offc Work\Workspace\Guru99BanksTest\Drivers\chromedriver.exe">
      <![CDATA[java.lang.IllegalStateException: The driver executable does not exist: F:\Vishal_Offc Work\Workspace\Guru99BanksTest\Drivers\chromedriver.exe
at com.google.common.base.Preconditions.checkState(Preconditions.java:585)
at org.openqa.selenium.remote.service.DriverService.checkExecutable(DriverService.java:146)
at org.openqa.selenium.remote.service.DriverService.findExecutable(DriverService.java:141)
at org.openqa.selenium.chrome.ChromeDriverService.access$000(ChromeDriverService.java:35)
at org.openqa.selenium.chrome.ChromeDriverService$Builder.findDefaultExecutable(ChromeDriverService.java:159)
at org.openqa.selenium.remote.service.DriverService$Builder.build(DriverService.java:355)
at org.openqa.selenium.chrome.ChromeDriverService.createDefaultService(ChromeDriverService.java:94)
at org.openqa.selenium.chrome.ChromeDriver.<init>(ChromeDriver.java:157)
at com.guru.qa.base.TestBase.initialization(TestBase.java:70)
at com.guru.qa.testcases.HomePageTest.setUp(HomePageTest.java:32)
at java.base/java.util.ArrayList.forEach(ArrayList.java:1510)
at com.guru.qa.testcases.TestRunner.main(TestRunner.java:14)
... Removed 28 stack frames]]>
    </failure>
  </testcase> <!-- @BeforeMethod setUp -->
  <testcase classname="com.guru.qa.base.TestBase" name="@AfterMethod tearDown" time="0.0">
    <failure type="java.lang.NullPointerException">
      <![CDATA[java.lang.NullPointerException
at com.guru.qa.base.TestBase.tearDown(TestBase.java:110)
at java.base/java.util.ArrayList.forEach(ArrayList.java:1510)
at com.guru.qa.testcases.TestRunner.main(TestRunner.java:14)
... Removed 29 stack frames]]>
    </failure>
  </testcase> <!-- @AfterMethod tearDown -->
  <testcase classname="com.guru.qa.testcases.HomePageTest" name="@BeforeMethod setUp" time="0.01">
    <failure type="java.lang.IllegalStateException" message="The driver executable does not exist: F:\Vishal_Offc Work\Workspace\Guru99BanksTest\Drivers\chromedriver.exe">
      <![CDATA[java.lang.IllegalStateException: The driver executable does not exist: F:\Vishal_Offc Work\Workspace\Guru99BanksTest\Drivers\chromedriver.exe
at com.google.common.base.Preconditions.checkState(Preconditions.java:585)
at org.openqa.selenium.remote.service.DriverService.checkExecutable(DriverService.java:146)
at org.openqa.selenium.remote.service.DriverService.findExecutable(DriverService.java:141)
at org.openqa.selenium.chrome.ChromeDriverService.access$000(ChromeDriverService.java:35)
at org.openqa.selenium.chrome.ChromeDriverService$Builder.findDefaultExecutable(ChromeDriverService.java:159)
at org.openqa.selenium.remote.service.DriverService$Builder.build(DriverService.java:355)
at org.openqa.selenium.chrome.ChromeDriverService.createDefaultService(ChromeDriverService.java:94)
at org.openqa.selenium.chrome.ChromeDriver.<init>(ChromeDriver.java:157)
at com.guru.qa.base.TestBase.initialization(TestBase.java:70)
at com.guru.qa.testcases.HomePageTest.setUp(HomePageTest.java:32)
at java.base/java.util.ArrayList.forEach(ArrayList.java:1510)
at com.guru.qa.testcases.TestRunner.main(TestRunner.java:14)
... Removed 28 stack frames]]>
    </failure>
  </testcase> <!-- @BeforeMethod setUp -->
  <testcase classname="com.guru.qa.base.TestBase" name="@AfterMethod tearDown" time="0.001">
    <failure type="java.lang.NullPointerException">
      <![CDATA[java.lang.NullPointerException
at com.guru.qa.base.TestBase.tearDown(TestBase.java:110)
at java.base/java.util.ArrayList.forEach(ArrayList.java:1510)
at com.guru.qa.testcases.TestRunner.main(TestRunner.java:14)
... Removed 29 stack frames]]>
    </failure>
  </testcase> <!-- @AfterMethod tearDown -->
  <testcase classname="com.guru.qa.testcases.HomePageTest" name="@BeforeMethod setUp" time="0.012">
    <failure type="java.lang.IllegalStateException" message="The driver executable does not exist: F:\Vishal_Offc Work\Workspace\Guru99BanksTest\Drivers\chromedriver.exe">
      <![CDATA[java.lang.IllegalStateException: The driver executable does not exist: F:\Vishal_Offc Work\Workspace\Guru99BanksTest\Drivers\chromedriver.exe
at com.google.common.base.Preconditions.checkState(Preconditions.java:585)
at org.openqa.selenium.remote.service.DriverService.checkExecutable(DriverService.java:146)
at org.openqa.selenium.remote.service.DriverService.findExecutable(DriverService.java:141)
at org.openqa.selenium.chrome.ChromeDriverService.access$000(ChromeDriverService.java:35)
at org.openqa.selenium.chrome.ChromeDriverService$Builder.findDefaultExecutable(ChromeDriverService.java:159)
at org.openqa.selenium.remote.service.DriverService$Builder.build(DriverService.java:355)
at org.openqa.selenium.chrome.ChromeDriverService.createDefaultService(ChromeDriverService.java:94)
at org.openqa.selenium.chrome.ChromeDriver.<init>(ChromeDriver.java:157)
at com.guru.qa.base.TestBase.initialization(TestBase.java:70)
at com.guru.qa.testcases.HomePageTest.setUp(HomePageTest.java:32)
at java.base/java.util.ArrayList.forEach(ArrayList.java:1510)
at com.guru.qa.testcases.TestRunner.main(TestRunner.java:14)
... Removed 28 stack frames]]>
    </failure>
  </testcase> <!-- @BeforeMethod setUp -->
  <testcase classname="com.guru.qa.base.TestBase" name="@AfterMethod tearDown" time="0.002">
    <failure type="java.lang.NullPointerException">
      <![CDATA[java.lang.NullPointerException
at com.guru.qa.base.TestBase.tearDown(TestBase.java:110)
at java.base/java.util.ArrayList.forEach(ArrayList.java:1510)
at com.guru.qa.testcases.TestRunner.main(TestRunner.java:14)
... Removed 29 stack frames]]>
    </failure>
  </testcase> <!-- @AfterMethod tearDown -->
  <testcase classname="com.guru.qa.testcases.HomePageTest" name="@BeforeMethod setUp" time="0.015">
    <failure type="java.lang.IllegalStateException" message="The driver executable does not exist: F:\Vishal_Offc Work\Workspace\Guru99BanksTest\Drivers\chromedriver.exe">
      <![CDATA[java.lang.IllegalStateException: The driver executable does not exist: F:\Vishal_Offc Work\Workspace\Guru99BanksTest\Drivers\chromedriver.exe
at com.google.common.base.Preconditions.checkState(Preconditions.java:585)
at org.openqa.selenium.remote.service.DriverService.checkExecutable(DriverService.java:146)
at org.openqa.selenium.remote.service.DriverService.findExecutable(DriverService.java:141)
at org.openqa.selenium.chrome.ChromeDriverService.access$000(ChromeDriverService.java:35)
at org.openqa.selenium.chrome.ChromeDriverService$Builder.findDefaultExecutable(ChromeDriverService.java:159)
at org.openqa.selenium.remote.service.DriverService$Builder.build(DriverService.java:355)
at org.openqa.selenium.chrome.ChromeDriverService.createDefaultService(ChromeDriverService.java:94)
at org.openqa.selenium.chrome.ChromeDriver.<init>(ChromeDriver.java:157)
at com.guru.qa.base.TestBase.initialization(TestBase.java:70)
at com.guru.qa.testcases.HomePageTest.setUp(HomePageTest.java:32)
at java.base/java.util.ArrayList.forEach(ArrayList.java:1510)
at com.guru.qa.testcases.TestRunner.main(TestRunner.java:14)
... Removed 28 stack frames]]>
    </failure>
  </testcase> <!-- @BeforeMethod setUp -->
  <testcase classname="com.guru.qa.base.TestBase" name="@AfterMethod tearDown" time="0.001">
    <failure type="java.lang.NullPointerException">
      <![CDATA[java.lang.NullPointerException
at com.guru.qa.base.TestBase.tearDown(TestBase.java:110)
at java.base/java.util.ArrayList.forEach(ArrayList.java:1510)
at com.guru.qa.testcases.TestRunner.main(TestRunner.java:14)
... Removed 29 stack frames]]>
    </failure>
  </testcase> <!-- @AfterMethod tearDown -->
  <testcase classname="com.guru.qa.testcases.HomePageTest" name="@BeforeMethod setUp" time="0.012">
    <failure type="java.lang.IllegalStateException" message="The driver executable does not exist: F:\Vishal_Offc Work\Workspace\Guru99BanksTest\Drivers\chromedriver.exe">
      <![CDATA[java.lang.IllegalStateException: The driver executable does not exist: F:\Vishal_Offc Work\Workspace\Guru99BanksTest\Drivers\chromedriver.exe
at com.google.common.base.Preconditions.checkState(Preconditions.java:585)
at org.openqa.selenium.remote.service.DriverService.checkExecutable(DriverService.java:146)
at org.openqa.selenium.remote.service.DriverService.findExecutable(DriverService.java:141)
at org.openqa.selenium.chrome.ChromeDriverService.access$000(ChromeDriverService.java:35)
at org.openqa.selenium.chrome.ChromeDriverService$Builder.findDefaultExecutable(ChromeDriverService.java:159)
at org.openqa.selenium.remote.service.DriverService$Builder.build(DriverService.java:355)
at org.openqa.selenium.chrome.ChromeDriverService.createDefaultService(ChromeDriverService.java:94)
at org.openqa.selenium.chrome.ChromeDriver.<init>(ChromeDriver.java:157)
at com.guru.qa.base.TestBase.initialization(TestBase.java:70)
at com.guru.qa.testcases.HomePageTest.setUp(HomePageTest.java:32)
at java.base/java.util.ArrayList.forEach(ArrayList.java:1510)
at com.guru.qa.testcases.TestRunner.main(TestRunner.java:14)
... Removed 28 stack frames]]>
    </failure>
  </testcase> <!-- @BeforeMethod setUp -->
  <testcase classname="com.guru.qa.base.TestBase" name="@AfterMethod tearDown" time="0.001">
    <failure type="java.lang.NullPointerException">
      <![CDATA[java.lang.NullPointerException
at com.guru.qa.base.TestBase.tearDown(TestBase.java:110)
at java.base/java.util.ArrayList.forEach(ArrayList.java:1510)
at com.guru.qa.testcases.TestRunner.main(TestRunner.java:14)
... Removed 29 stack frames]]>
    </failure>
  </testcase> <!-- @AfterMethod tearDown -->
  <testcase classname="com.guru.qa.testcases.HomePageTest" name="@BeforeMethod setUp" time="0.012">
    <failure type="java.lang.IllegalStateException" message="The driver executable does not exist: F:\Vishal_Offc Work\Workspace\Guru99BanksTest\Drivers\chromedriver.exe">
      <![CDATA[java.lang.IllegalStateException: The driver executable does not exist: F:\Vishal_Offc Work\Workspace\Guru99BanksTest\Drivers\chromedriver.exe
at com.google.common.base.Preconditions.checkState(Preconditions.java:585)
at org.openqa.selenium.remote.service.DriverService.checkExecutable(DriverService.java:146)
at org.openqa.selenium.remote.service.DriverService.findExecutable(DriverService.java:141)
at org.openqa.selenium.chrome.ChromeDriverService.access$000(ChromeDriverService.java:35)
at org.openqa.selenium.chrome.ChromeDriverService$Builder.findDefaultExecutable(ChromeDriverService.java:159)
at org.openqa.selenium.remote.service.DriverService$Builder.build(DriverService.java:355)
at org.openqa.selenium.chrome.ChromeDriverService.createDefaultService(ChromeDriverService.java:94)
at org.openqa.selenium.chrome.ChromeDriver.<init>(ChromeDriver.java:157)
at com.guru.qa.base.TestBase.initialization(TestBase.java:70)
at com.guru.qa.testcases.HomePageTest.setUp(HomePageTest.java:32)
at java.base/java.util.ArrayList.forEach(ArrayList.java:1510)
at com.guru.qa.testcases.TestRunner.main(TestRunner.java:14)
... Removed 28 stack frames]]>
    </failure>
  </testcase> <!-- @BeforeMethod setUp -->
  <testcase classname="com.guru.qa.base.TestBase" name="@AfterMethod tearDown" time="0.004">
    <failure type="java.lang.NullPointerException">
      <![CDATA[java.lang.NullPointerException
at com.guru.qa.base.TestBase.tearDown(TestBase.java:110)
at java.base/java.util.ArrayList.forEach(ArrayList.java:1510)
at com.guru.qa.testcases.TestRunner.main(TestRunner.java:14)
... Removed 29 stack frames]]>
    </failure>
  </testcase> <!-- @AfterMethod tearDown -->
  <testcase classname="com.guru.qa.base.TestBase" name="@AfterTest endReport" time="-1.596629266787E9">
    <skipped/>
  </testcase> <!-- @AfterTest endReport -->
  <testcase classname="com.guru.qa.testcases.LoginPageTest" name="loginPageTitleTest" time="0.001">
    <skipped/>
  </testcase> <!-- loginPageTitleTest -->
  <testcase classname="com.guru.qa.testcases.LoginPageTest" name="loginPageLogoTest" time="0.0">
    <skipped/>
  </testcase> <!-- loginPageLogoTest -->
  <testcase classname="com.guru.qa.testcases.LoginPageTest" name="loginPageLabelTest" time="0.0">
    <skipped/>
  </testcase> <!-- loginPageLabelTest -->
  <testcase classname="com.guru.qa.testcases.LoginPageTest" name="loginTest" time="0.0">
    <skipped/>
  </testcase> <!-- loginTest -->
  <testcase classname="com.guru.qa.testcases.HomePageTest" name="validateSeleniumBtnTest" time="0.0">
    <skipped/>
  </testcase> <!-- validateSeleniumBtnTest -->
  <testcase classname="com.guru.qa.testcases.HomePageTest" name="validateInsPrjBtnTest" time="0.0">
    <skipped/>
  </testcase> <!-- validateInsPrjBtnTest -->
  <testcase classname="com.guru.qa.testcases.HomePageTest" name="validateAgilePrjBtnTest" time="0.0">
    <skipped/>
  </testcase> <!-- validateAgilePrjBtnTest -->
  <testcase classname="com.guru.qa.testcases.HomePageTest" name="validateBankPrjBtnTest" time="0.0">
    <skipped/>
  </testcase> <!-- validateBankPrjBtnTest -->
  <testcase classname="com.guru.qa.testcases.HomePageTest" name="validateSecPrjBtnTest" time="0.0">
    <skipped/>
  </testcase> <!-- validateSecPrjBtnTest -->
  <testcase classname="com.guru.qa.testcases.HomePageTest" name="validateTcomPrjBtnTest" time="0.0">
    <skipped/>
  </testcase> <!-- validateTcomPrjBtnTest -->
  <testcase classname="com.guru.qa.testcases.HomePageTest" name="validatePayGatPrjBtnTest" time="0.0">
    <skipped/>
  </testcase> <!-- validatePayGatPrjBtnTest -->
  <testcase classname="com.guru.qa.testcases.HomePageTest" name="validateNewToursPrjBtnTest" time="0.0">
    <skipped/>
  </testcase> <!-- validateNewToursPrjBtnTest -->
  <testcase classname="com.guru.qa.testcases.HomePageTest" name="validateSEOBtnTest" time="0.0">
    <skipped/>
  </testcase> <!-- validateSEOBtnTest -->
  <testcase classname="com.guru.qa.testcases.HomePageTest" name="clickOnNewCustomerLinkTest" time="0.0">
    <skipped/>
  </testcase> <!-- clickOnNewCustomerLinkTest -->
  <testcase classname="com.guru.qa.testcases.HomePageTest" name="clickOnNewAccountPageTest" time="0.0">
    <skipped/>
  </testcase> <!-- clickOnNewAccountPageTest -->
  <testcase classname="com.guru.qa.testcases.HomePageTest" name="clickOnDepositPageTest" time="0.0">
    <skipped/>
  </testcase> <!-- clickOnDepositPageTest -->
  <testcase classname="com.guru.qa.base.TestBase" name="@AfterTest endReport" time="0.0">
    <ignored/>
  </testcase> <!-- @AfterTest endReport -->
  <testcase classname="com.guru.qa.base.TestBase" name="@BeforeTest setLog4j" time="0.0">
    <ignored/>
  </testcase> <!-- @BeforeTest setLog4j -->
</testsuite> <!-- Command line test -->
